<?xml version="1.0" encoding="utf-8"?>
<!--This file represents the results of running a test suite-->
<test-results name="Unity Tests" total="4" errors="0" failures="0" not-run="0" inconclusive="0" ignored="0" skipped="0" invalid="0" date="2014-04-04" time="11:14:43">
  <environment nunit-version="2.6.2-Unity" clr-version="2.0.50727.1433" os-version="Microsoft Windows NT 6.1.7601.0" platform="Win32NT" cwd="C:\Users\User\Documents\Socialplay\CloudGoodsSDK" machine-name="HOTBUBBA" user="User" user-domain="HOTBUBBA" />
  <culture-info current-culture="en-US" current-uiculture="en-US" />
  <test-suite name="ItemTextureCacheTests" type="Assembly" executed="True" result="Success" success="True" time="1.683">
    <results>
      <test-case name="Test 1- ReceivedTextureFromWebTest" executed="True" result="Success" success="True" time="0.539">
        <reason>
          <message>
<![CDATA[IntegrationTest started (Test 1- ReceivedTextureFromWebTest)
IntegrationTest Pass (Test 1- ReceivedTextureFromWebTest)
IntegrationTest finished (Test 1- ReceivedTextureFromWebTest)
]]>
          </message>
        </reason>
      </test-case>
      <test-case name="Test 2 -ReceivedTextureFromCache" executed="True" result="Success" success="True" time="0.614">
        <reason>
          <message>
<![CDATA[IntegrationTest started (Test 2 -ReceivedTextureFromCache)
IntegrationTest Pass (Test 2 -ReceivedTextureFromCache)
IntegrationTest finished (Test 2 -ReceivedTextureFromCache)
]]>
          </message>
        </reason>
      </test-case>
      <test-case name="Test 3 - CallWithGetItemTextureInSameFrame" executed="True" result="Success" success="True" time="0.497">
        <reason>
          <message>
<![CDATA[IntegrationTest started (Test 3 - CallWithGetItemTextureInSameFrame)
IntegrationTest Pass (Test 3 - CallWithGetItemTextureInSameFrame)
IntegrationTest finished (Test 3 - CallWithGetItemTextureInSameFrame)
]]>
          </message>
        </reason>
      </test-case>
      <test-case name="Test 4 - ErrorWithInvalidURL" executed="True" result="Success" success="True" time="0.033">
        <reason>
          <message>
<![CDATA[IntegrationTest started (Test 4 - ErrorWithInvalidURL)
IntegrationTest Pass (Test 4 - ErrorWithInvalidURL)
IntegrationTest finished (Test 4 - ErrorWithInvalidURL)
]]>
          </message>
        </reason>
      </test-case>
    </results>
  </test-suite>
</test-results>
t-results>
>
    </results>
  </test-suite>
</test-results>
ionTest finished (Test 4 - FailWithInvalidURL)
]]>
          </message>
        </reason>
      </test-case>
    </results>
  </test-suite>
</test-results>
   </results>
  </test-suite>
</test-results>
ss/corlib/System.Collections.Generic/Dictionary.cs:404 
  at ItemTextureCache+<OnReceivedItemTexture>c__Iterator9.MoveNext () [0x00039] in C:\Users\User\Documents\Socialplay\CloudGoodsSDK\Assets\SocialPlay-SDK\Scripts\Setup\ItemTextureCache.cs:41 
IntegrationTest Pass (Test 4- CallWithGetItemTextureInSameFrame)
IntegrationTest finished (Test 4- CallWithGetItemTextureInSameFrame)
]]>
          </message>
        </reason>
      </test-case>
    </results>
  </test-suite>
</test-results>
>
    </results>
  </test-suite>
</test-results>
