<?xml version="1.0" encoding="utf-8"?>
<!--This file represents the results of running a test suite-->
<test-results name="Unity Tests" total="2" errors="1" failures="0" not-run="0" inconclusive="0" ignored="0" skipped="0" invalid="0" date="2014-04-30" time="15:04:14">
  <environment nunit-version="2.6.2-Unity" clr-version="2.0.50727.1433" os-version="Microsoft Windows NT 6.1.7601.0" platform="Win32NT" cwd="C:\Users\User\Documents\SocialPlay\CloudGoodsSDK" machine-name="UNICORNMAGIC" user="User" user-domain="UNICORNMAGIC" />
  <culture-info current-culture="en-US" current-uiculture="en-US" />
  <test-suite name="GivePlayerItemsTests" type="Assembly" executed="True" result="Success" success="True" time="36.224">
    <results>
      <test-case name="GivePlayerItem-Incorrect Item ID" executed="True" result="Success" success="True" time="1.220">
        <reason>
          <message>
<![CDATA[IntegrationTest started (GivePlayerItem-Incorrect Item ID)
"{\"userGuid\":\"f4a28185-10ba-4330-bafb-71e8e0404f35\",\"isNewUserToWorld\":false,\"userName\":\"Editor Test User\",\"userEmail\":null}"
"{\"userGuid\":\"f4a28185-10ba-4330-bafb-71e8e0404f35\",\"isNewUserToWorld\":false,\"userName\":\"Editor Test User\",\"userEmail\":null}"
Logged in as user Editor Test User : f4a28185-10ba-4330-bafb-71e8e0404f35
"99a41476-59fd-4373-9853-2a81d37b6cb9"
registered user to new session:99a41476-59fd-4373-9853-2a81d37b6cb9
"Ok"
IntegrationTest Pass (GivePlayerItem-Incorrect Item ID)
IntegrationTest finished (GivePlayerItem-Incorrect Item ID)
]]>
          </message>
        </reason>
      </test-case>
      <test-case name="GivePlayerItem-Success" executed="True" result="Failure" success="False" time="35.004">
        <failure>
          <message>
<![CDATA[IntegrationTest started (GivePlayerItem-Success)
"[{\"StackLocationID\":\"54db092b-bd39-4389-b18a-e0cecca08a45\",\"Amount\":45,\"Detail\":\"[{\\\"Name\\\":\\\"Worth\\\",\\\"Value\\\":10}]\",\"ItemID\":47349,\"Type\":1183,\"Location\":0,\"BaseItemEnergy\":10,\"Energy\":10,\"SellPrice\":4,\"Name\":\"Dollar\",\"Image\":\"http:\/\/socialplay.blob.core.windows.net\/itemimages\/ffa0c54d-12d7-454a-827f-e7a13f921b64.png\",\"Quality\":1,\"Behaviours\":\"[]\",\"BaseItemID\":277,\"Description\":\"Use Dollars to purchase items from the Store\",\"AssetBundleName\":\"\",\"Tags\":\"[\\\"Dollar\\\",\\\"droppable\\\"]\"},{\"StackLocationID\":\"a354ad69-14d7-46eb-b38e-a9d7eb49efb7\",\"Amount\":24,\"Detail\":\"[{\\\"Name\\\":\\\"Worth\\\",\\\"Value\\\":50}]\",\"ItemID\":47381,\"Type\":1183,\"Location\":0,\"BaseItemEnergy\":50,\"Energy\":50,\"SellPrice\":20,\"Name\":\"Iron\",\"Image\":\"https:\/\/socialplay.blob.core.windows.net\/itemimages\/953d4f54-c8fd-4977-b54e-cbbf6bdacd0d.png\",\"Quality\":1,\"Behaviours\":\"[]\",\"BaseItemID\":309,\"Description\":\"\",\"AssetBundleName\":\"\",\"Tags\":\"[\\\"droppable\\\",\\\"Resource\\\"]\"},{\"StackLocationID\":\"0805f919-e267-499a-8bad-ae29e495a3dc\",\"Amount\":23,\"Detail\":\"[{\\\"Name\\\":\\\"Worth\\\",\\\"Value\\\":60}]\",\"ItemID\":47382,\"Type\":1183,\"Location\":0,\"BaseItemEnergy\":60,\"Energy\":60,\"SellPrice\":24,\"Name\":\"Steel\",\"Image\":\"https:\/\/socialplay.blob.core.windows.net\/itemimages\/2b828b8e-8c1e-4090-a0bc-c1677e258eba.png\",\"Quality\":1,\"Behaviours\":\"[]\",\"BaseItemID\":310,\"Description\":\"\",\"AssetBundleName\":\"\",\"Tags\":\"[\\\"droppable\\\",\\\"Resource\\\"]\"},{\"StackLocationID\":\"66a5380c-2cbf-4f6e-ac67-bbc77eeae06d\",\"Amount\":33,\"Detail\":\"[{\\\"Name\\\":\\\"Worth\\\",\\\"Value\\\":40}]\",\"ItemID\":47383,\"Type\":1183,\"Location\":0,\"BaseItemEnergy\":40,\"Energy\":40,\"SellPrice\":16,\"Name\":\"Wood\",\"Image\":\"https:\/\/socialplay.blob.core.windows.net\/itemimages\/784b6c1f-b8ae-4ed1-a67f-16e350b21a79.png\",\"Quality\":1,\"Behaviours\":\"[]\",\"BaseItemID\":311,\"Description\":\"\",\"AssetBundleName\":\"\",\"Tags\":\"[\\\"droppable\\\",\\\"Resource\\\"]\"},{\"StackLocationID\":\"d856e30d-7d1d-4d1c-b784-8bc17945f316\",\"Amount\":55,\"Detail\":\"[{\\\"Name\\\":\\\"Defense\\\",\\\"Value\\\":20,\\\"InvertEnergy\\\":false}]\",\"ItemID\":47478,\"Type\":1197,\"Location\":0,\"BaseItemEnergy\":5000,\"Energy\":5000,\"SellPrice\":2000,\"Name\":\"Body Armor\",\"Image\":\"https:\/\/socialplay.blob.core.windows.net\/itemimages\/2aded1dc-0da1-458a-8f20-26c966d3d782.png\",\"Quality\":1,\"Behaviours\":\"[]\",\"BaseItemID\":327,\"Description\":\"Standard issue body armor.  Offers little defense against ammunition but it's better than nothing.\",\"AssetBundleName\":\"\",\"Tags\":\"[\\\"Equippable\\\"]\"},{\"StackLocationID\":\"ee41efde-c06a-4cad-a912-7032eeea242d\",\"Amount\":1,\"Detail\":\"[{\\\"Name\\\":\\\"Damage\\\",\\\"Value\\\":16,\\\"InvertEnergy\\\":false},{\\\"Name\\\":\\\"Fire Rate\\\",\\\"Value\\\":0.12,\\\"InvertEnergy\\\":true}]\",\"ItemID\":48266,\"Type\":1186,\"Location\":0,\"BaseItemEnergy\":1621,\"Energy\":1621,\"SellPrice\":648,\"Name\":\"Submachine Gun\",\"Image\":\"https:\/\/socialplay.blob.core.windows.net\/itemimages\/a3667896-8a42-44a1-95e8-1754b8ee3b1e.png\",\"Quality\":1,\"Behaviours\":\"[]\",\"BaseItemID\":345,\"Description\":\"\",\"AssetBundleName\":\"\",\"Tags\":\"[\\\"droppable\\\",\\\"SubmachineGun\\\"]\"}]"
IntegrationTest timeout (GivePlayerItem-Success)
]]>
          </message>
          <stack-trace>
          </stack-trace>
        </failure>
      </test-case>
    </results>
  </test-suite>
</test-results>
