<?xml version="1.0" encoding="utf-8"?>
<!--This file represents the results of running a test suite-->
<test-results name="Unity Tests" total="3" errors="0" failures="1" not-run="0" inconclusive="0" ignored="0" skipped="0" invalid="0" date="2014-02-04" time="12:30:35">
  <environment nunit-version="2.6.2-Unity" clr-version="2.0.50727.1433" os-version="Microsoft Windows NT 6.1.7601.0" platform="Win32NT" cwd="C:\Users\User\Documents\Socialplay\CloudGoodsSDK" machine-name="HOTBUBBA" user="User" user-domain="HOTBUBBA" />
  <culture-info current-culture="en-US" current-uiculture="en-US" />
  <test-suite name="ItemTextureCacheTests" type="Assembly" executed="True" result="Failure" success="False" time="0.989">
    <results>
      <test-case name="Test 1- ReceivedTextureFromWebTest" executed="True" result="Success" success="True" time="0.492">
        <reason>
          <message>
<![CDATA[IntegrationTest started (Test 1- ReceivedTextureFromWebTest)
IntegrationTest Pass (Test 1- ReceivedTextureFromWebTest)
IntegrationTest finished (Test 1- ReceivedTextureFromWebTest)
]]>
          </message>
        </reason>
      </test-case>
      <test-case name="Test 2 -ReceivedTextureFromCache" executed="True" result="Success" success="True" time="0.464">
        <reason>
          <message>
<![CDATA[IntegrationTest started (Test 2 -ReceivedTextureFromCache)
IntegrationTest Pass (Test 2 -ReceivedTextureFromCache)
IntegrationTest finished (Test 2 -ReceivedTextureFromCache)
]]>
          </message>
        </reason>
      </test-case>
      <test-case name="Test 3 - ErrorWithInvalidURL" executed="True" result="Failure" success="False" time="0.033">
        <failure>
          <message>
<![CDATA[IntegrationTest started (Test 3 - ErrorWithInvalidURL)
You are trying to load data from a www stream which had the following error when downloading.
<url> malformed
You are trying to load data from a www stream which had the following error when downloading.
<url> malformed
IntegrationTest Fail (Test 3 - ErrorWithInvalidURL)
IntegrationTest failed (Test 3 - ErrorWithInvalidURL)
]]>
          </message>
          <stack-trace>
          </stack-trace>
        </failure>
      </test-case>
    </results>
  </test-suite>
</test-results>
        </failure>
      </test-case>
    </results>
  </test-suite>
</test-results>
